e:\work\研究生工作\costream以及视频编码工程\音视频编解码的书籍\ffplay源码和书籍\ffplay\debug\vc120.pdb
e:\work\研究生工作\costream以及视频编码工程\音视频编解码的书籍\ffplay源码和书籍\ffplay\debug\vc120.idb
e:\work\研究生工作\costream以及视频编码工程\音视频编解码的书籍\ffplay源码和书籍\ffplay\debug\allcodecs.obj
e:\work\研究生工作\costream以及视频编码工程\音视频编解码的书籍\ffplay源码和书籍\ffplay\debug\dsputil.obj
e:\work\研究生工作\costream以及视频编码工程\音视频编解码的书籍\ffplay源码和书籍\ffplay\debug\imgconvert.obj
e:\work\研究生工作\costream以及视频编码工程\音视频编解码的书籍\ffplay源码和书籍\ffplay\debug\msrle.obj
e:\work\研究生工作\costream以及视频编码工程\音视频编解码的书籍\ffplay源码和书籍\ffplay\debug\truespeech.obj
e:\work\研究生工作\costream以及视频编码工程\音视频编解码的书籍\ffplay源码和书籍\ffplay\debug\utils_codec.obj
e:\work\研究生工作\costream以及视频编码工程\音视频编解码的书籍\ffplay源码和书籍\ffplay\debug\allformats.obj
e:\work\研究生工作\costream以及视频编码工程\音视频编解码的书籍\ffplay源码和书籍\ffplay\debug\avidec.obj
e:\work\研究生工作\costream以及视频编码工程\音视频编解码的书籍\ffplay源码和书籍\ffplay\debug\avio.obj
e:\work\研究生工作\costream以及视频编码工程\音视频编解码的书籍\ffplay源码和书籍\ffplay\debug\aviobuf.obj
e:\work\研究生工作\costream以及视频编码工程\音视频编解码的书籍\ffplay源码和书籍\ffplay\debug\cutils.obj
e:\work\研究生工作\costream以及视频编码工程\音视频编解码的书籍\ffplay源码和书籍\ffplay\debug\file.obj
e:\work\研究生工作\costream以及视频编码工程\音视频编解码的书籍\ffplay源码和书籍\ffplay\debug\utils_format.obj
e:\work\研究生工作\costream以及视频编码工程\音视频编解码的书籍\ffplay源码和书籍\ffplay\debug\ffplay.obj
e:\work\研究生工作\costream以及视频编码工程\音视频编解码的书籍\ffplay源码和书籍\ffplay\debug\ffplay.ilk
e:\work\研究生工作\costream以及视频编码工程\音视频编解码的书籍\ffplay源码和书籍\ffplay\debug\ffplay.exe
e:\work\研究生工作\costream以及视频编码工程\音视频编解码的书籍\ffplay源码和书籍\ffplay\debug\ffplay.pdb
e:\work\研究生工作\costream以及视频编码工程\音视频编解码的书籍\ffplay源码和书籍\ffplay\.\debug\ffplay.exe
e:\work\研究生工作\costream以及视频编码工程\音视频编解码的书籍\ffplay源码和书籍\ffplay\debug\ffplay.tlog\cl.command.1.tlog
e:\work\研究生工作\costream以及视频编码工程\音视频编解码的书籍\ffplay源码和书籍\ffplay\debug\ffplay.tlog\cl.read.1.tlog
e:\work\研究生工作\costream以及视频编码工程\音视频编解码的书籍\ffplay源码和书籍\ffplay\debug\ffplay.tlog\cl.write.1.tlog
e:\work\研究生工作\costream以及视频编码工程\音视频编解码的书籍\ffplay源码和书籍\ffplay\debug\ffplay.tlog\link.command.1.tlog
e:\work\研究生工作\costream以及视频编码工程\音视频编解码的书籍\ffplay源码和书籍\ffplay\debug\ffplay.tlog\link.read.1.tlog
e:\work\研究生工作\costream以及视频编码工程\音视频编解码的书籍\ffplay源码和书籍\ffplay\debug\ffplay.tlog\link.write.1.tlog
